
=== Mon Jun 24 07:51:11 2019

Packages were changed.
Update Mode: mergeDefaultDependencies

The following packages were added:
  com.unity.analytics@3.3.2
  com.unity.purchasing@2.0.6
  com.unity.ads@2.0.8
  com.unity.package-manager-ui@2.2.0
  com.unity.ext.nunit@1.0.0
  com.unity.test-framework@1.0.13
  com.unity.ide.vscode@1.0.4
  com.unity.ide.visualstudio@1.0.10
  com.unity.ide.rider@1.0.4
  com.unity.ugui@1.0.0
  com.unity.modules.androidjni@1.0.0
The following packages were updated:
  com.unity.collab-proxy from version 1.2.9 to 1.2.16
  com.unity.textmeshpro from version 2.0.0 to 2.0.1
  com.unity.timeline from version 0.0.0-builtin to 1.1.0

=== Wed Jun 26 18:54:49 2019

Packages were changed.
Update Mode: updateDependencies

The following packages were updated:
  com.unity.ide.rider from version 1.0.4 to 1.0.8
  com.unity.ide.visualstudio from version 1.0.10 to 1.0.11
  com.unity.ide.vscode from version 1.0.4 to 1.0.7
The following packages were removed:
  com.unity.package-manager-ui@2.2.0
